<=========================================================>
<=================>    BUG LOG HEADER   <=================>
<=========================================================>
Assignment:
    MP3
CheckPoint:
    CP2
CreateTime:
    2024.4.2

<--------------------------------------------------------->
                       POTENTIAL BUG 1                          
<--------------------------------------------------------->
Time:
    2024.4.2.
Creator:
    Ian Watson / Sairaj Shetye
Description:
    When we gdb and run the command x 0x0800000, it shows
    four bytes instead of one 
Solution:
    Not a bug as of now

<--------------------------------------------------------->
                        BUG X                          
<--------------------------------------------------------->
Time:
    2024.4.5.
Creator:
    Ian Watson 
Description:
    functions not copying over correctly when initializing 
    file operations
Solution:
    because i put the word void before i called the functions

<--------------------------------------------------------->
                        BUG X                          
<--------------------------------------------------------->
Time:
    2024.4.5.
Creator:
    Ian Watson 
Description:
    close function not working correctly
Solution:
    if statement was flags != 0 in descriptor.c
    instead of flags == 0

<--------------------------------------------------------->
                        BUG X                          
<--------------------------------------------------------->
Time:
    2024.4.5.
Creator:
    Ian Watson 
Description:
    OS signatutre infinitely printing
Solution:
    comparison of file_pos and file_size was not correct
    