<=========================================================>
<=================>    BUG LOG HEADER   <=================>
<=========================================================>
Assignment:
    MP3
CheckPoint:
    CP5
CreateTime:
    2024.4.20

<--------------------------------------------------------->
                          BUG 1                          
<--------------------------------------------------------->
Time:
    2024.4.20.
Creator:
    All of us
Description:
    Page fault when saving video memory to background buffer
Solution:
    Minus 1 when we didn't need to in calculating address

<--------------------------------------------------------->
                          BUG 2                          
<--------------------------------------------------------->
Time:
    2024.4.20.
Creator:
    Elizabeth
Description:
    Not setting shell_exists to 1
Solution:
    Use single = and not double =

<--------------------------------------------------------->
                          BUG 3                          
<--------------------------------------------------------->
Time:
    2024.4.22.
Creator:
    Elizabeth
Description:
    Page fault when switch terminals nearing max processes
Solution:
    Max program flag was set high at wrong time, need to 
    be set high in initialize pcb when cur pid = 6

<--------------------------------------------------------->
                          BUG 4                          
<--------------------------------------------------------->
Time:
    2024.4.24.
Creator:
    Tessa Samuels.
Description:
    page fault when trying to save old screen to switch terminals
Solution:
    we weren't initializing memory at the location we were trying to write to

<--------------------------------------------------------->
                          BUG 6                          
<--------------------------------------------------------->
Time:
    2022.4.25.
Creator:
    First Last.
Description:
    after some changed to save ebp for switching our shell never starts
Solution:
    there was an if statement that returned

<--------------------------------------------------------->
                          BUG 7                          
<--------------------------------------------------------->
Time:
    2024.4.25.
Creator:
    First Last.
Description:
    now it page faults forever
Solution:
    we had an or in an if statment that needed to be an and

